c:\users\rohit\desktop\tocheckatdigipenupdated\tocheckatdigipenupdated\game engine\debug\vc143.pdb
c:\users\rohit\desktop\tocheckatdigipenupdated\tocheckatdigipenupdated\game engine\debug\vc143.idb
c:\users\rohit\desktop\tocheckatdigipenupdated\tocheckatdigipenupdated\game engine\debug\vao.obj
c:\users\rohit\desktop\tocheckatdigipenupdated\tocheckatdigipenupdated\game engine\debug\updown.obj
c:\users\rohit\desktop\tocheckatdigipenupdated\tocheckatdigipenupdated\game engine\debug\transform.obj
c:\users\rohit\desktop\tocheckatdigipenupdated\tocheckatdigipenupdated\game engine\debug\sprite.obj
c:\users\rohit\desktop\tocheckatdigipenupdated\tocheckatdigipenupdated\game engine\debug\shaderclass.obj
c:\users\rohit\desktop\tocheckatdigipenupdated\tocheckatdigipenupdated\game engine\debug\resourcemanager.obj
c:\users\rohit\desktop\tocheckatdigipenupdated\tocheckatdigipenupdated\game engine\debug\renderer.obj
c:\users\rohit\desktop\tocheckatdigipenupdated\tocheckatdigipenupdated\game engine\debug\player.obj
c:\users\rohit\desktop\tocheckatdigipenupdated\tocheckatdigipenupdated\game engine\debug\main.obj
c:\users\rohit\desktop\tocheckatdigipenupdated\tocheckatdigipenupdated\game engine\debug\inputmanager.obj
c:\users\rohit\desktop\tocheckatdigipenupdated\tocheckatdigipenupdated\game engine\debug\gameobjectmanager.obj
c:\users\rohit\desktop\tocheckatdigipenupdated\tocheckatdigipenupdated\game engine\debug\gameobjectfactory.obj
c:\users\rohit\desktop\tocheckatdigipenupdated\tocheckatdigipenupdated\game engine\debug\gameobject.obj
c:\users\rohit\desktop\tocheckatdigipenupdated\tocheckatdigipenupdated\game engine\debug\frameratecontroller.obj
c:\users\rohit\desktop\tocheckatdigipenupdated\tocheckatdigipenupdated\game engine\debug\eventmanager.obj
c:\users\rohit\desktop\tocheckatdigipenupdated\tocheckatdigipenupdated\game engine\debug\enemyspawner.obj
c:\users\rohit\desktop\tocheckatdigipenupdated\tocheckatdigipenupdated\game engine\debug\ebo.obj
c:\users\rohit\desktop\tocheckatdigipenupdated\tocheckatdigipenupdated\game engine\debug\controller.obj
c:\users\rohit\desktop\tocheckatdigipenupdated\tocheckatdigipenupdated\game engine\debug\component.obj
c:\users\rohit\desktop\tocheckatdigipenupdated\tocheckatdigipenupdated\game engine\debug\collisionmanager.obj
c:\users\rohit\desktop\tocheckatdigipenupdated\tocheckatdigipenupdated\game engine\debug\vbo.obj
c:\users\rohit\desktop\tocheckatdigipenupdated\tocheckatdigipenupdated\game engine\debug\glad.obj
c:\users\rohit\desktop\tocheckatdigipenupdated\tocheckatdigipenupdated\game engine\game engine.exe
c:\users\rohit\desktop\tocheckatdigipenupdated\tocheckatdigipenupdated\game engine\debug\game engine.ilk
c:\users\rohit\desktop\tocheckatdigipenupdated\tocheckatdigipenupdated\game engine\game engine.pdb
c:\users\rohit\desktop\tocheckatdigipenupdated\tocheckatdigipenupdated\game engine\debug\game engine.pdb
c:\users\rohit\desktop\tocheckatdigipenupdated\tocheckatdigipenupdated\game engine\\game engine.pdb
c:\users\rohit\desktop\tocheckatdigipenupdated\tocheckatdigipenupdated\game engine\debug\game engine.tlog\cl.command.1.tlog
c:\users\rohit\desktop\tocheckatdigipenupdated\tocheckatdigipenupdated\game engine\debug\game engine.tlog\cl.read.1.tlog
c:\users\rohit\desktop\tocheckatdigipenupdated\tocheckatdigipenupdated\game engine\debug\game engine.tlog\cl.write.1.tlog
c:\users\rohit\desktop\tocheckatdigipenupdated\tocheckatdigipenupdated\game engine\debug\game engine.tlog\link.command.1.tlog
c:\users\rohit\desktop\tocheckatdigipenupdated\tocheckatdigipenupdated\game engine\debug\game engine.tlog\link.read.1.tlog
c:\users\rohit\desktop\tocheckatdigipenupdated\tocheckatdigipenupdated\game engine\debug\game engine.tlog\link.write.1.tlog
