c:\users\rohit\desktop\tocheckatdigipenupdated\tocheckatdigipenupdated\game engine\release\vc143.pdb
c:\users\rohit\desktop\tocheckatdigipenupdated\tocheckatdigipenupdated\game engine\release\vao.obj
c:\users\rohit\desktop\tocheckatdigipenupdated\tocheckatdigipenupdated\game engine\release\updown.obj
c:\users\rohit\desktop\tocheckatdigipenupdated\tocheckatdigipenupdated\game engine\release\transform.obj
c:\users\rohit\desktop\tocheckatdigipenupdated\tocheckatdigipenupdated\game engine\release\sprite.obj
c:\users\rohit\desktop\tocheckatdigipenupdated\tocheckatdigipenupdated\game engine\release\shaderclass.obj
c:\users\rohit\desktop\tocheckatdigipenupdated\tocheckatdigipenupdated\game engine\release\resourcemanager.obj
c:\users\rohit\desktop\tocheckatdigipenupdated\tocheckatdigipenupdated\game engine\release\renderer.obj
c:\users\rohit\desktop\tocheckatdigipenupdated\tocheckatdigipenupdated\game engine\release\player.obj
c:\users\rohit\desktop\tocheckatdigipenupdated\tocheckatdigipenupdated\game engine\release\main.obj
c:\users\rohit\desktop\tocheckatdigipenupdated\tocheckatdigipenupdated\game engine\release\inputmanager.obj
c:\users\rohit\desktop\tocheckatdigipenupdated\tocheckatdigipenupdated\game engine\release\gameobjectmanager.obj
c:\users\rohit\desktop\tocheckatdigipenupdated\tocheckatdigipenupdated\game engine\release\gameobjectfactory.obj
c:\users\rohit\desktop\tocheckatdigipenupdated\tocheckatdigipenupdated\game engine\release\gameobject.obj
c:\users\rohit\desktop\tocheckatdigipenupdated\tocheckatdigipenupdated\game engine\release\frameratecontroller.obj
c:\users\rohit\desktop\tocheckatdigipenupdated\tocheckatdigipenupdated\game engine\release\eventmanager.obj
c:\users\rohit\desktop\tocheckatdigipenupdated\tocheckatdigipenupdated\game engine\release\enemyspawner.obj
c:\users\rohit\desktop\tocheckatdigipenupdated\tocheckatdigipenupdated\game engine\release\ebo.obj
c:\users\rohit\desktop\tocheckatdigipenupdated\tocheckatdigipenupdated\game engine\release\controller.obj
c:\users\rohit\desktop\tocheckatdigipenupdated\tocheckatdigipenupdated\game engine\release\component.obj
c:\users\rohit\desktop\tocheckatdigipenupdated\tocheckatdigipenupdated\game engine\release\collisionmanager.obj
c:\users\rohit\desktop\tocheckatdigipenupdated\tocheckatdigipenupdated\game engine\release\vbo.obj
c:\users\rohit\desktop\tocheckatdigipenupdated\tocheckatdigipenupdated\game engine\release\glad.obj
c:\users\rohit\desktop\tocheckatdigipenupdated\tocheckatdigipenupdated\game engine\release\game engine.ipdb
c:\users\rohit\desktop\tocheckatdigipenupdated\tocheckatdigipenupdated\game engine\release\game engine.iobj
c:\users\rohit\desktop\tocheckatdigipenupdated\tocheckatdigipenupdated\game engine\release\game engine.exe
c:\users\rohit\desktop\tocheckatdigipenupdated\tocheckatdigipenupdated\game engine\release\game engine.pdb
c:\users\rohit\desktop\tocheckatdigipenupdated\tocheckatdigipenupdated\game engine\release\game engine.tlog\cl.command.1.tlog
c:\users\rohit\desktop\tocheckatdigipenupdated\tocheckatdigipenupdated\game engine\release\game engine.tlog\cl.read.1.tlog
c:\users\rohit\desktop\tocheckatdigipenupdated\tocheckatdigipenupdated\game engine\release\game engine.tlog\cl.write.1.tlog
c:\users\rohit\desktop\tocheckatdigipenupdated\tocheckatdigipenupdated\game engine\release\game engine.tlog\game engine.write.1u.tlog
c:\users\rohit\desktop\tocheckatdigipenupdated\tocheckatdigipenupdated\game engine\release\game engine.tlog\link.command.1.tlog
c:\users\rohit\desktop\tocheckatdigipenupdated\tocheckatdigipenupdated\game engine\release\game engine.tlog\link.read.1.tlog
c:\users\rohit\desktop\tocheckatdigipenupdated\tocheckatdigipenupdated\game engine\release\game engine.tlog\link.write.1.tlog
